C:\DATA\VISUAL STUDIO 2010\PROJECTS\OGL\DEBUG\OGL.EXE
C:\DATA\VISUAL STUDIO 2010\PROJECTS\OGL\DEBUG\OGL.ILK
C:\DATA\VISUAL STUDIO 2010\PROJECTS\OGL\DEBUG\OGL.PDB
C:\DATA\VISUAL STUDIO 2010\PROJECTS\OGL\OGL\DEBUG\BASE.OBJ
C:\DATA\VISUAL STUDIO 2010\PROJECTS\OGL\OGL\DEBUG\BMP.OBJ
C:\Data\Visual Studio 2010\Projects\ogl\ogl\Debug\cl.command.1.tlog
C:\Data\Visual Studio 2010\Projects\ogl\ogl\Debug\CL.read.1.tlog
C:\Data\Visual Studio 2010\Projects\ogl\ogl\Debug\CL.write.1.tlog
C:\Data\Visual Studio 2010\Projects\ogl\ogl\Debug\link.3532.read.1.tlog
C:\Data\Visual Studio 2010\Projects\ogl\ogl\Debug\link.3532.write.1.tlog
C:\Data\Visual Studio 2010\Projects\ogl\ogl\Debug\link.3532-cvtres.read.1.tlog
C:\Data\Visual Studio 2010\Projects\ogl\ogl\Debug\link.3532-cvtres.write.1.tlog
C:\Data\Visual Studio 2010\Projects\ogl\ogl\Debug\link.5064.read.1.tlog
C:\Data\Visual Studio 2010\Projects\ogl\ogl\Debug\link.5064.write.1.tlog
C:\Data\Visual Studio 2010\Projects\ogl\ogl\Debug\link.5064-cvtres.read.1.tlog
C:\Data\Visual Studio 2010\Projects\ogl\ogl\Debug\link.5064-cvtres.write.1.tlog
C:\Data\Visual Studio 2010\Projects\ogl\ogl\Debug\link.5936.read.1.tlog
C:\Data\Visual Studio 2010\Projects\ogl\ogl\Debug\link.5936.write.1.tlog
C:\Data\Visual Studio 2010\Projects\ogl\ogl\Debug\link.5936-cvtres.read.1.tlog
C:\Data\Visual Studio 2010\Projects\ogl\ogl\Debug\link.5936-cvtres.write.1.tlog
C:\Data\Visual Studio 2010\Projects\ogl\ogl\Debug\link.6008.read.1.tlog
C:\Data\Visual Studio 2010\Projects\ogl\ogl\Debug\link.6008.write.1.tlog
C:\Data\Visual Studio 2010\Projects\ogl\ogl\Debug\link.6008-cvtres.read.1.tlog
C:\Data\Visual Studio 2010\Projects\ogl\ogl\Debug\link.6008-cvtres.write.1.tlog
C:\Data\Visual Studio 2010\Projects\ogl\ogl\Debug\link.6540.read.1.tlog
C:\Data\Visual Studio 2010\Projects\ogl\ogl\Debug\link.6540.write.1.tlog
C:\Data\Visual Studio 2010\Projects\ogl\ogl\Debug\link.6540-cvtres.read.1.tlog
C:\Data\Visual Studio 2010\Projects\ogl\ogl\Debug\link.6540-cvtres.write.1.tlog
C:\Data\Visual Studio 2010\Projects\ogl\ogl\Debug\link.6776.read.1.tlog
C:\Data\Visual Studio 2010\Projects\ogl\ogl\Debug\link.6776.write.1.tlog
C:\Data\Visual Studio 2010\Projects\ogl\ogl\Debug\link.6776-cvtres.read.1.tlog
C:\Data\Visual Studio 2010\Projects\ogl\ogl\Debug\link.6776-cvtres.write.1.tlog
C:\Data\Visual Studio 2010\Projects\ogl\ogl\Debug\link.7124.read.1.tlog
C:\Data\Visual Studio 2010\Projects\ogl\ogl\Debug\link.7124.write.1.tlog
C:\Data\Visual Studio 2010\Projects\ogl\ogl\Debug\link.7124-cvtres.read.1.tlog
C:\Data\Visual Studio 2010\Projects\ogl\ogl\Debug\link.7124-cvtres.write.1.tlog
C:\Data\Visual Studio 2010\Projects\ogl\ogl\Debug\link.command.1.tlog
C:\Data\Visual Studio 2010\Projects\ogl\ogl\Debug\link.read.1.tlog
C:\Data\Visual Studio 2010\Projects\ogl\ogl\Debug\link.write.1.tlog
C:\Data\Visual Studio 2010\Projects\ogl\ogl\Debug\link-cvtres.read.1.tlog
C:\Data\Visual Studio 2010\Projects\ogl\ogl\Debug\link-cvtres.write.1.tlog
C:\Data\Visual Studio 2010\Projects\ogl\ogl\Debug\mt.command.1.tlog
C:\Data\Visual Studio 2010\Projects\ogl\ogl\Debug\mt.read.1.tlog
C:\Data\Visual Studio 2010\Projects\ogl\ogl\Debug\mt.write.1.tlog
C:\DATA\VISUAL STUDIO 2010\PROJECTS\OGL\OGL\DEBUG\OGL.EXE.EMBED.MANIFEST
C:\DATA\VISUAL STUDIO 2010\PROJECTS\OGL\OGL\DEBUG\OGL.EXE.EMBED.MANIFEST.RES
C:\DATA\VISUAL STUDIO 2010\PROJECTS\OGL\OGL\DEBUG\OGL.EXE.INTERMEDIATE.MANIFEST
C:\Data\Visual Studio 2010\Projects\ogl\ogl\Debug\ogl_manifest.rc
C:\Data\Visual Studio 2010\Projects\ogl\ogl\Debug\rc.command.1.tlog
C:\Data\Visual Studio 2010\Projects\ogl\ogl\Debug\rc.read.1.tlog
C:\Data\Visual Studio 2010\Projects\ogl\ogl\Debug\rc.write.1.tlog
C:\DATA\VISUAL STUDIO 2010\PROJECTS\OGL\OGL\DEBUG\TMATRIX.OBJ
C:\DATA\VISUAL STUDIO 2010\PROJECTS\OGL\OGL\DEBUG\TRAY.OBJ
C:\DATA\VISUAL STUDIO 2010\PROJECTS\OGL\OGL\DEBUG\TVECTOR.OBJ
C:\Data\Visual Studio 2010\Projects\ogl\ogl\Debug\vc100.idb
C:\DATA\VISUAL STUDIO 2010\PROJECTS\OGL\OGL\DEBUG\VC100.PDB
