Base.cpp(44): warning C4244: 'initializing' : conversion from 'const double' to 'const int', possible loss of data
Base.cpp(95): warning C4305: 'argument' : truncation from 'double' to 'float'
Base.cpp(102): warning C4244: '=' : conversion from 'double' to 'float', possible loss of data
Base.cpp(119): warning C4996: 'freopen': This function or variable may be unsafe. Consider using freopen_s instead. To disable deprecation, use _CRT_SECURE_NO_WARNINGS. See online help for details.
Base.cpp(128): warning C4996: 'fopen': This function or variable may be unsafe. Consider using fopen_s instead. To disable deprecation, use _CRT_SECURE_NO_WARNINGS. See online help for details.
Base.cpp(130): warning C4996: 'sscanf': This function or variable may be unsafe. Consider using sscanf_s instead. To disable deprecation, use _CRT_SECURE_NO_WARNINGS. See online help for details.
Base.cpp(147): warning C4996: 'sscanf': This function or variable may be unsafe. Consider using sscanf_s instead. To disable deprecation, use _CRT_SECURE_NO_WARNINGS. See online help for details.
Base.cpp(154): warning C4996: 'sscanf': This function or variable may be unsafe. Consider using sscanf_s instead. To disable deprecation, use _CRT_SECURE_NO_WARNINGS. See online help for details.
Base.cpp(157): warning C4996: 'sscanf': This function or variable may be unsafe. Consider using sscanf_s instead. To disable deprecation, use _CRT_SECURE_NO_WARNINGS. See online help for details.
Base.cpp(159): warning C4244: 'argument' : conversion from 'double' to 'float', possible loss of data
Base.cpp(160): warning C4244: 'argument' : conversion from 'double' to 'float', possible loss of data
Base.cpp(161): warning C4244: 'argument' : conversion from 'double' to 'float', possible loss of data
Base.cpp(171): warning C4996: 'sscanf': This function or variable may be unsafe. Consider using sscanf_s instead. To disable deprecation, use _CRT_SECURE_NO_WARNINGS. See online help for details.
Base.cpp(193): warning C4305: '=' : truncation from '__int64' to 'float'
Base.cpp(200): warning C4018: '<' : signed/unsigned mismatch
Base.cpp(289): warning C4018: '<' : signed/unsigned mismatch
Base.cpp(260): warning C4101: 'x_m' : unreferenced local variable
Base.cpp(260): warning C4101: 'u_m' : unreferenced local variable
Base.cpp(260): warning C4101: 'v_m' : unreferenced local variable
Base.cpp(260): warning C4101: 'y_m' : unreferenced local variable
Base.cpp(260): warning C4101: 'z_m' : unreferenced local variable
Base.cpp(343): warning C4244: 'argument' : conversion from 'GLsizei' to 'float', possible loss of data
Base.cpp(343): warning C4244: 'argument' : conversion from 'GLsizei' to 'float', possible loss of data
Base.cpp(748): warning C4305: 'argument' : truncation from 'double' to 'float'
Base.cpp(765): warning C4305: 'initializing' : truncation from 'double' to 'float'
Base.cpp(766): warning C4244: 'argument' : conversion from 'double' to 'float', possible loss of data
Base.cpp(814): warning C4305: 'initializing' : truncation from 'double' to 'float'
Base.cpp(815): warning C4244: 'argument' : conversion from 'double' to 'float', possible loss of data
Collision.cpp(53): warning C4018: '<' : signed/unsigned mismatch
Collision.cpp(67): warning C4018: '<' : signed/unsigned mismatch
Collision.cpp(121): warning C4244: 'argument' : conversion from 'double' to 'float', possible loss of data
Collision.cpp(167): warning C4018: '<' : signed/unsigned mismatch
Collision.cpp(169): warning C4305: '=' : truncation from 'double' to 'float'
Collision.cpp(204): warning C4553: '==' : operator has no effect; did you intend '='?
Collision.cpp(247): warning C4244: 'argument' : conversion from 'double' to 'float', possible loss of data
GLlists.cpp(25): warning C4244: 'initializing' : conversion from 'const double' to 'const int', possible loss of data
GLlists.cpp(38): warning C4244: '+=' : conversion from 'const double' to 'int', possible loss of data
GLlists.cpp(39): warning C4244: '+=' : conversion from 'const double' to 'int', possible loss of data
GLlists.cpp(40): warning C4244: '=' : conversion from 'double' to 'float', possible loss of data
GLlists.cpp(41): warning C4244: '=' : conversion from 'double' to 'float', possible loss of data
GLlists.cpp(42): warning C4244: '=' : conversion from 'double' to 'float', possible loss of data
GLlists.cpp(43): warning C4244: '=' : conversion from 'int' to 'float', possible loss of data
GLlists.cpp(44): warning C4244: '=' : conversion from 'int' to 'float', possible loss of data
GLlists.cpp(47): warning C4244: '=' : conversion from 'double' to 'float', possible loss of data
GLlists.cpp(48): warning C4244: '=' : conversion from 'double' to 'float', possible loss of data
GLlists.cpp(49): warning C4244: '=' : conversion from 'double' to 'float', possible loss of data
GLlists.cpp(50): warning C4244: '=' : conversion from 'const double' to 'float', possible loss of data
GLlists.cpp(51): warning C4244: '=' : conversion from 'int' to 'float', possible loss of data
GLlists.cpp(54): warning C4244: '=' : conversion from 'double' to 'float', possible loss of data
GLlists.cpp(55): warning C4244: '=' : conversion from 'double' to 'float', possible loss of data
GLlists.cpp(56): warning C4244: '=' : conversion from 'double' to 'float', possible loss of data
GLlists.cpp(57): warning C4244: '=' : conversion from 'int' to 'float', possible loss of data
GLlists.cpp(58): warning C4244: '=' : conversion from 'const double' to 'float', possible loss of data
GLlists.cpp(61): warning C4244: '=' : conversion from 'double' to 'float', possible loss of data
GLlists.cpp(62): warning C4244: '=' : conversion from 'double' to 'float', possible loss of data
GLlists.cpp(63): warning C4244: '=' : conversion from 'double' to 'float', possible loss of data
GLlists.cpp(64): warning C4244: '=' : conversion from 'const double' to 'float', possible loss of data
GLlists.cpp(65): warning C4244: '=' : conversion from 'const double' to 'float', possible loss of data
GLlists.cpp(34): warning C4101: 'a' : unreferenced local variable
GLlists.cpp(35): warning C4101: 'b' : unreferenced local variable
GLlists.cpp(80): warning C4244: 'argument' : conversion from 'float' to 'GLint', possible loss of data
GLlists.cpp(80): warning C4244: 'argument' : conversion from 'float' to 'GLint', possible loss of data
GLlists.cpp(111): warning C4244: 'argument' : conversion from 'double' to 'GLfloat', possible loss of data
GLlists.cpp(111): warning C4244: 'argument' : conversion from 'double' to 'GLfloat', possible loss of data
GLlists.cpp(111): warning C4244: 'argument' : conversion from 'double' to 'GLfloat', possible loss of data
GLlists.cpp(112): warning C4244: 'argument' : conversion from 'double' to 'GLfloat', possible loss of data
GLlists.cpp(112): warning C4244: 'argument' : conversion from 'double' to 'GLfloat', possible loss of data
GLlists.cpp(112): warning C4244: 'argument' : conversion from 'double' to 'GLfloat', possible loss of data
GLlists.cpp(113): warning C4244: 'argument' : conversion from 'double' to 'GLfloat', possible loss of data
GLlists.cpp(113): warning C4244: 'argument' : conversion from 'double' to 'GLfloat', possible loss of data
GLlists.cpp(113): warning C4244: 'argument' : conversion from 'double' to 'GLfloat', possible loss of data
GLlists.cpp(114): warning C4244: 'argument' : conversion from 'double' to 'GLfloat', possible loss of data
GLlists.cpp(114): warning C4244: 'argument' : conversion from 'double' to 'GLfloat', possible loss of data
GLlists.cpp(114): warning C4244: 'argument' : conversion from 'double' to 'GLfloat', possible loss of data
GLlists.cpp(148): warning C4244: 'argument' : conversion from 'double' to 'GLfloat', possible loss of data
GLlists.cpp(148): warning C4244: 'argument' : conversion from 'double' to 'GLfloat', possible loss of data
GLlists.cpp(148): warning C4244: 'argument' : conversion from 'double' to 'GLfloat', possible loss of data
GLlists.cpp(149): warning C4244: 'argument' : conversion from 'double' to 'GLfloat', possible loss of data
GLlists.cpp(149): warning C4244: 'argument' : conversion from 'double' to 'GLfloat', possible loss of data
GLlists.cpp(149): warning C4244: 'argument' : conversion from 'double' to 'GLfloat', possible loss of data
GLlists.cpp(150): warning C4244: 'argument' : conversion from 'double' to 'GLfloat', possible loss of data
GLlists.cpp(150): warning C4244: 'argument' : conversion from 'double' to 'GLfloat', possible loss of data
GLlists.cpp(150): warning C4244: 'argument' : conversion from 'double' to 'GLfloat', possible loss of data
GLlists.cpp(151): warning C4244: 'argument' : conversion from 'double' to 'GLfloat', possible loss of data
GLlists.cpp(151): warning C4244: 'argument' : conversion from 'double' to 'GLfloat', possible loss of data
GLlists.cpp(151): warning C4244: 'argument' : conversion from 'double' to 'GLfloat', possible loss of data
lighting.cpp(34): warning C4305: 'argument' : truncation from 'double' to 'GLfloat'
lighting.cpp(36): warning C4305: 'argument' : truncation from 'double' to 'GLfloat'
lighting.cpp(38): warning C4305: 'argument' : truncation from 'double' to 'GLfloat'
lighting.cpp(40): warning C4305: 'argument' : truncation from 'double' to 'GLfloat'
lighting.cpp(42): warning C4305: 'argument' : truncation from 'double' to 'GLfloat'
lighting.cpp(49): warning C4305: 'initializing' : truncation from 'double' to 'GLfloat'
lighting.cpp(52): warning C4305: 'initializing' : truncation from 'double' to 'GLfloat'
c:\data\visual studio 2010\projects\ogl\ogl\colvector.cpp(21): warning C4700: uninitialized local variable 'tmp' used
